[2024-11-18T11:54:06.139+0000] {local_task_job_runner.py:123} INFO - ::group::Pre task execution logs
[2024-11-18T11:54:06.342+0000] {taskinstance.py:2613} INFO - Dependencies all met for dep_context=non-requeueable deps ti=<TaskInstance: weather_etl_pipeline.extract_weather_data manual__2024-11-18T11:53:57.089462+00:00 [queued]>
[2024-11-18T11:54:06.454+0000] {taskinstance.py:2613} INFO - Dependencies all met for dep_context=requeueable deps ti=<TaskInstance: weather_etl_pipeline.extract_weather_data manual__2024-11-18T11:53:57.089462+00:00 [queued]>
[2024-11-18T11:54:06.454+0000] {taskinstance.py:2866} INFO - Starting attempt 1 of 6
[2024-11-18T11:54:06.553+0000] {taskinstance.py:2889} INFO - Executing <Task(_PythonDecoratedOperator): extract_weather_data> on 2024-11-18 11:53:57.089462+00:00
[2024-11-18T11:54:06.611+0000] {standard_task_runner.py:104} INFO - Running: ['***', 'tasks', 'run', 'weather_etl_pipeline', 'extract_weather_data', 'manual__2024-11-18T11:53:57.089462+00:00', '--job-id', '18', '--raw', '--subdir', 'DAGS_FOLDER/weather_etl.py', '--cfg-path', '/tmp/tmpbiu9optj']
[2024-11-18T11:54:06.622+0000] {standard_task_runner.py:105} INFO - Job 18: Subtask extract_weather_data
[2024-11-18T11:54:06.647+0000] {logging_mixin.py:190} WARNING - /home/***/.local/lib/python3.12/site-packages/***/task/task_runner/standard_task_runner.py:70 DeprecationWarning: This process (pid=1817) is multi-threaded, use of fork() may lead to deadlocks in the child.
[2024-11-18T11:54:06.656+0000] {standard_task_runner.py:72} INFO - Started process 1818 to run task
[2024-11-18T11:54:07.063+0000] {task_command.py:467} INFO - Running <TaskInstance: weather_etl_pipeline.extract_weather_data manual__2024-11-18T11:53:57.089462+00:00 [running]> on host 527ca48b98a5
[2024-11-18T11:54:09.467+0000] {taskinstance.py:3132} INFO - Exporting env vars: AIRFLOW_CTX_DAG_OWNER='naphat' AIRFLOW_CTX_DAG_ID='weather_etl_pipeline' AIRFLOW_CTX_TASK_ID='extract_weather_data' AIRFLOW_CTX_EXECUTION_DATE='2024-11-18T11:53:57.089462+00:00' AIRFLOW_CTX_TRY_NUMBER='1' AIRFLOW_CTX_DAG_RUN_ID='manual__2024-11-18T11:53:57.089462+00:00'
[2024-11-18T11:54:09.489+0000] {taskinstance.py:731} INFO - ::endgroup::
[2024-11-18T11:54:09.651+0000] {base.py:84} INFO - Retrieving connection 'open_weather_api'
[2024-11-18T11:54:10.462+0000] {python.py:240} INFO - Done. Returned value was: {'coord': {'lon': 100.5167, 'lat': 13.75}, 'weather': [{'id': 803, 'main': 'Clouds', 'description': 'broken clouds', 'icon': '04n'}], 'base': 'stations', 'main': {'temp': 302.2, 'feels_like': 303.96, 'temp_min': 301.99, 'temp_max': 303.09, 'pressure': 1009, 'humidity': 58, 'sea_level': 1009, 'grnd_level': 1008}, 'visibility': 10000, 'wind': {'speed': 1.98, 'deg': 8, 'gust': 3.36}, 'clouds': {'all': 72}, 'dt': 1731930370, 'sys': {'type': 1, 'id': 9235, 'country': 'TH', 'sunrise': 1731885555, 'sunset': 1731926837}, 'timezone': 25200, 'id': 1609350, 'name': 'Bangkok', 'cod': 200}
[2024-11-18T11:54:10.788+0000] {taskinstance.py:340} INFO - ::group::Post task execution logs
[2024-11-18T11:54:10.797+0000] {taskinstance.py:352} INFO - Marking task as SUCCESS. dag_id=weather_etl_pipeline, task_id=extract_weather_data, run_id=manual__2024-11-18T11:53:57.089462+00:00, execution_date=20241118T115357, start_date=20241118T115406, end_date=20241118T115410
[2024-11-18T11:54:11.213+0000] {local_task_job_runner.py:266} INFO - Task exited with return code 0
[2024-11-18T11:54:11.386+0000] {taskinstance.py:3895} INFO - 1 downstream tasks scheduled from follow-on schedule check
[2024-11-18T11:54:11.400+0000] {local_task_job_runner.py:245} INFO - ::endgroup::
[2024-11-18T11:54:11.745+0000] {standard_task_runner.py:217} INFO - Process not found (most likely exited), stop collecting metrics
